
Unicode Test v1.0, by David Kinder

Testing the Unicode table. This sentence should end with Euro, copyright and trademark symbols € © ™

Now, testing print_unicode()...

Basic Latin
0020 :  !"#$%&'()*+,-./0123456789:;<=>?
0040 : @ABCDEFGHIJKLMNOPQRSTUVWXYZ[\]^_
0060 : `abcdefghijklmnopqrstuvwxyz{|}~

Latin-1 Supplement
00a0 :  ¡¢£¤¥¦§¨©ª«¬­®¯°±²³´µ¶·¸¹º»¼½¾¿
00c0 : ÀÁÂÃÄÅÆÇÈÉÊËÌÍÎÏÐÑÒÓÔÕÖ×ØÙÚÛÜÝÞß
00e0 : àáâãäåæçèéêëìíîïðñòóôõö÷øùúûüýþÿ

Latin Extended-A
0100 : ĀāĂăĄąĆćĈĉĊċČčĎďĐđĒēĔĕĖėĘęĚěĜĝĞğ
0120 : ĠġĢģĤĥĦħĨĩĪīĬĭĮįİıĲĳĴĵĶķĸĹĺĻļĽľĿ
0140 : ŀŁłŃńŅņŇňŉŊŋŌōŎŏŐőŒœŔŕŖŗŘřŚśŜŝŞş
0160 : ŠšŢţŤťŦŧŨũŪūŬŭŮůŰűŲųŴŵŶŷŸŹźŻżŽžſ

Greek and Coptic
0360 : ͣͤͥͦͧͨͩͪͫͬͭͮͯ͢͠͡ͰͱͲͳʹ͵Ͷͷ͸͹ͺͻͼͽ;Ϳ
0380 : ΀΁΂΃΄΅Ά·ΈΉΊ΋Ό΍ΎΏΐΑΒΓΔΕΖΗΘΙΚΛΜΝΞΟ
03a0 : ΠΡ΢ΣΤΥΦΧΨΩΪΫάέήίΰαβγδεζηθικλμνξο
03c0 : πρςστυφχψωϊϋόύώϏϐϑϒϓϔϕϖϗϘϙϚϛϜϝϞϟ
03e0 : ϠϡϢϣϤϥϦϧϨϩϪϫϬϭϮϯϰϱϲϳϴϵ϶ϷϸϹϺϻϼϽϾϿ

Cyrillic
0400 : ЀЁЂЃЄЅІЇЈЉЊЋЌЍЎЏАБВГДЕЖЗИЙКЛМНОП
0420 : РСТУФХЦЧШЩЪЫЬЭЮЯабвгдежзийклмноп
0440 : рстуфхцчшщъыьэюяѐёђѓєѕіїјљњћќѝўџ
0460 : ѠѡѢѣѤѥѦѧѨѩѪѫѬѭѮѯѰѱѲѳѴѵѶѷѸѹѺѻѼѽѾѿ
0480 : Ҁҁ҂҃҄҅҆҇҈҉ҊҋҌҍҎҏҐґҒғҔҕҖҗҘҙҚқҜҝҞҟ
04a0 : ҠҡҢңҤҥҦҧҨҩҪҫҬҭҮүҰұҲҳҴҵҶҷҸҹҺһҼҽҾҿ
04c0 : ӀӁӂӃӄӅӆӇӈӉӊӋӌӍӎӏӐӑӒӓӔӕӖӗӘәӚӛӜӝӞӟ
04e0 : ӠӡӢӣӤӥӦӧӨөӪӫӬӭӮӯӰӱӲӳӴӵӶӷӸӹӺӻӼӽӾӿ

Arabic
0600 : ؀؁؂؃؄؅؆؇؈؉؊؋،؍؎؏ؘؙؚؐؑؒؓؔؕؖؗ؛؜؝؞؟
0620 : ؠءآأؤإئابةتثجحخدذرزسشصضطظعغػؼؽؾؿ
0640 : ـفقكلمنهوىيًٌٍَُِّْٕٖٜٟٓٔٗ٘ٙٚٛٝٞ
0660 : ٠١٢٣٤٥٦٧٨٩٪٫٬٭ٮٯٰٱٲٳٴٵٶٷٸٹٺٻټٽپٿ
0680 : ڀځڂڃڄڅچڇڈډڊڋڌڍڎڏڐڑڒړڔڕږڗژڙښڛڜڝڞڟ
06a0 : ڠڡڢڣڤڥڦڧڨکڪګڬڭڮگڰڱڲڳڴڵڶڷڸڹںڻڼڽھڿ
06c0 : ۀہۂۃۄۅۆۇۈۉۊۋیۍێۏېۑےۓ۔ەۖۗۘۙۚۛۜ۝۞۟
06e0 : ۣ۠ۡۢۤۥۦۧۨ۩۪ۭ۫۬ۮۯ۰۱۲۳۴۵۶۷۸۹ۺۻۼ۽۾ۿ

Now, testing input (ESC to quit)...
Try inputing a character. Since the Euro symbol is declared in this file's Zcharacter table, it can be input even though it is not part of ISO Latin-1.
